# JRE version: Java(TM) SE Runtime Environment (12.0.1+12) (build 12.0.1+12)
# Java VM: Java HotSpot(TM) 64-Bit Server VM (12.0.1+12, mixed mode, sharing, tiered, compressed oops, parallel gc, windows-amd64)
Heap:
 PSYoungGen      total 23040K, used 18315K [0x00000000eab00000, 0x00000000ec680000, 0x0000000100000000)
  eden space 20480K, 77% used [0x00000000eab00000,0x00000000eba806f0,0x00000000ebf00000)
  from space 2560K, 95% used [0x00000000ec080000,0x00000000ec2e2860,0x00000000ec300000)
  to   space 3072K, 0% used [0x00000000ec380000,0x00000000ec380000,0x00000000ec680000)
 ParOldGen       total 68608K, used 22520K [0x00000000c0000000, 0x00000000c4300000, 0x00000000eab00000)
  object space 68608K, 32% used [0x00000000c0000000,0x00000000c15fe358,0x00000000c4300000)
 Metaspace       used 32188K, capacity 34122K, committed 34176K, reserved 1079296K
  class space    used 2977K, capacity 3689K, committed 3712K, reserved 1048576K
GC Heap History (10 events):
Event: 7.419 GC heap before
{Heap before GC invocations=8 (full 1):
 PSYoungGen      total 27648K, used 27619K [0x00000000eab00000, 0x00000000ed000000, 0x0000000100000000)
  eden space 23040K, 100% used [0x00000000eab00000,0x00000000ec180000,0x00000000ec180000)
  from space 4608K, 99% used [0x00000000ec800000,0x00000000ecc78c40,0x00000000ecc80000)
  to   space 6656K, 0% used [0x00000000ec180000,0x00000000ec180000,0x00000000ec800000)
 ParOldGen       total 68608K, used 10242K [0x00000000c0000000, 0x00000000c4300000, 0x00000000eab00000)
  object space 68608K, 14% used [0x00000000c0000000,0x00000000c0a00a68,0x00000000c4300000)
 Metaspace       used 23213K, capacity 24885K, committed 24960K, reserved 1071104K
  class space    used 2278K, capacity 2888K, committed 2944K, reserved 1048576K
}
Event: 7.426 GC heap after
{Heap after GC invocations=8 (full 1):
 PSYoungGen      total 29184K, used 6643K [0x00000000eab00000, 0x00000000ecf00000, 0x0000000100000000)
  eden space 22528K, 0% used [0x00000000eab00000,0x00000000eab00000,0x00000000ec100000)
  from space 6656K, 99% used [0x00000000ec180000,0x00000000ec7fcc40,0x00000000ec800000)
  to   space 7168K, 0% used [0x00000000ec800000,0x00000000ec800000,0x00000000ecf00000)
 ParOldGen       total 68608K, used 10434K [0x00000000c0000000, 0x00000000c4300000, 0x00000000eab00000)
  object space 68608K, 15% used [0x00000000c0000000,0x00000000c0a30a78,0x00000000c4300000)
 Metaspace       used 23213K, capacity 24885K, committed 24960K, reserved 1071104K
  class space    used 2278K, capacity 2888K, committed 2944K, reserved 1048576K
}
Event: 7.487 GC heap before
{Heap before GC invocations=9 (full 1):
 PSYoungGen      total 29184K, used 29171K [0x00000000eab00000, 0x00000000ecf00000, 0x0000000100000000)
  eden space 22528K, 100% used [0x00000000eab00000,0x00000000ec100000,0x00000000ec100000)
  from space 6656K, 99% used [0x00000000ec180000,0x00000000ec7fcc40,0x00000000ec800000)
  to   space 7168K, 0% used [0x00000000ec800000,0x00000000ec800000,0x00000000ecf00000)
 ParOldGen       total 68608K, used 10434K [0x00000000c0000000, 0x00000000c4300000, 0x00000000eab00000)
  object space 68608K, 15% used [0x00000000c0000000,0x00000000c0a30a78,0x00000000c4300000)
 Metaspace       used 23213K, capacity 24885K, committed 24960K, reserved 1071104K
  class space    used 2278K, capacity 2888K, committed 2944K, reserved 1048576K
}
Event: 7.498 GC heap after
{Heap after GC invocations=9 (full 1):
 PSYoungGen      total 27648K, used 7136K [0x00000000eab00000, 0x00000000ed280000, 0x0000000100000000)
  eden space 20480K, 0% used [0x00000000eab00000,0x00000000eab00000,0x00000000ebf00000)
  from space 7168K, 99% used [0x00000000ec800000,0x00000000ecef8020,0x00000000ecf00000)
  to   space 9216K, 0% used [0x00000000ebf00000,0x00000000ebf00000,0x00000000ec800000)
 ParOldGen       total 68608K, used 11980K [0x00000000c0000000, 0x00000000c4300000, 0x00000000eab00000)
  object space 68608K, 17% used [0x00000000c0000000,0x00000000c0bb3310,0x00000000c4300000)
 Metaspace       used 23213K, capacity 24885K, committed 24960K, reserved 1071104K
  class space    used 2278K, capacity 2888K, committed 2944K, reserved 1048576K
}
Event: 7.622 GC heap before
{Heap before GC invocations=10 (full 1):
 PSYoungGen      total 27648K, used 27616K [0x00000000eab00000, 0x00000000ed280000, 0x0000000100000000)
  eden space 20480K, 100% used [0x00000000eab00000,0x00000000ebf00000,0x00000000ebf00000)
  from space 7168K, 99% used [0x00000000ec800000,0x00000000ecef8020,0x00000000ecf00000)
  to   space 9216K, 0% used [0x00000000ebf00000,0x00000000ebf00000,0x00000000ec800000)
 ParOldGen       total 68608K, used 11980K [0x00000000c0000000, 0x00000000c4300000, 0x00000000eab00000)
  object space 68608K, 17% used [0x00000000c0000000,0x00000000c0bb3310,0x00000000c4300000)
 Metaspace       used 23213K, capacity 24885K, committed 24960K, reserved 1071104K
  class space    used 2278K, capacity 2888K, committed 2944K, reserved 1048576K
}
Event: 7.630 GC heap after
{Heap after GC invocations=10 (full 1):
 PSYoungGen      total 26624K, used 6112K [0x00000000eab00000, 0x00000000ecd00000, 0x0000000100000000)
  eden space 20480K, 0% used [0x00000000eab00000,0x00000000eab00000,0x00000000ebf00000)
  from space 6144K, 99% used [0x00000000ebf00000,0x00000000ec4f8020,0x00000000ec500000)
  to   space 7168K, 0% used [0x00000000ec600000,0x00000000ec600000,0x00000000ecd00000)
 ParOldGen       total 68608K, used 14871K [0x00000000c0000000, 0x00000000c4300000, 0x00000000eab00000)
  object space 68608K, 21% used [0x00000000c0000000,0x00000000c0e85f30,0x00000000c4300000)
 Metaspace       used 23213K, capacity 24885K, committed 24960K, reserved 1071104K
  class space    used 2278K, capacity 2888K, committed 2944K, reserved 1048576K
}
Event: 7.695 GC heap before
{Heap before GC invocations=11 (full 1):
 PSYoungGen      total 26624K, used 26592K [0x00000000eab00000, 0x00000000ecd00000, 0x0000000100000000)
  eden space 20480K, 100% used [0x00000000eab00000,0x00000000ebf00000,0x00000000ebf00000)
  from space 6144K, 99% used [0x00000000ebf00000,0x00000000ec4f8020,0x00000000ec500000)
  to   space 7168K, 0% used [0x00000000ec600000,0x00000000ec600000,0x00000000ecd00000)
 ParOldGen       total 68608K, used 14871K [0x00000000c0000000, 0x00000000c4300000, 0x00000000eab00000)
  object space 68608K, 21% used [0x00000000c0000000,0x00000000c0e85f30,0x00000000c4300000)
 Metaspace       used 23213K, capacity 24885K, committed 24960K, reserved 1071104K
  class space    used 2278K, capacity 2888K, committed 2944K, reserved 1048576K
}
Event: 7.703 GC heap after
{Heap after GC invocations=11 (full 1):
 PSYoungGen      total 24064K, used 3360K [0x00000000eab00000, 0x00000000ec980000, 0x0000000100000000)
  eden space 20480K, 0% used [0x00000000eab00000,0x00000000eab00000,0x00000000ebf00000)
  from space 3584K, 93% used [0x00000000ec600000,0x00000000ec948000,0x00000000ec980000)
  to   space 4608K, 0% used [0x00000000ec080000,0x00000000ec080000,0x00000000ec500000)
 ParOldGen       total 68608K, used 19154K [0x00000000c0000000, 0x00000000c4300000, 0x00000000eab00000)
  object space 68608K, 27% used [0x00000000c0000000,0x00000000c12b4ad8,0x00000000c4300000)
 Metaspace       used 23213K, capacity 24885K, committed 24960K, reserved 1071104K
  class space    used 2278K, capacity 2888K, committed 2944K, reserved 1048576K
}
Event: 12.243 GC heap before
{Heap before GC invocations=12 (full 1):
 PSYoungGen      total 24064K, used 23840K [0x00000000eab00000, 0x00000000ec980000, 0x0000000100000000)
  eden space 20480K, 100% used [0x00000000eab00000,0x00000000ebf00000,0x00000000ebf00000)
  from space 3584K, 93% used [0x00000000ec600000,0x00000000ec948000,0x00000000ec980000)
  to   space 4608K, 0% used [0x00000000ec080000,0x00000000ec080000,0x00000000ec500000)
 ParOldGen       total 68608K, used 19154K [0x00000000c0000000, 0x00000000c4300000, 0x00000000eab00000)
  object space 68608K, 27% used [0x00000000c0000000,0x00000000c12b4ad8,0x00000000c4300000)
 Metaspace       used 28131K, capacity 29974K, committed 30208K, reserved 1077248K
  class space    used 2663K, capacity 3309K, committed 3328K, reserved 1048576K
}
Event: 12.328 GC heap after
{Heap after GC invocations=12 (full 1):
 PSYoungGen      total 23040K, used 2442K [0x00000000eab00000, 0x00000000ec680000, 0x0000000100000000)
  eden space 20480K, 0% used [0x00000000eab00000,0x00000000eab00000,0x00000000ebf00000)
  from space 2560K, 95% used [0x00000000ec080000,0x00000000ec2e2860,0x00000000ec300000)
  to   space 3072K, 0% used [0x00000000ec380000,0x00000000ec380000,0x00000000ec680000)
 ParOldGen       total 68608K, used 22520K [0x00000000c0000000, 0x00000000c4300000, 0x00000000eab00000)
  object space 68608K, 32% used [0x00000000c0000000,0x00000000c15fe358,0x00000000c4300000)
 Metaspace       used 28131K, capacity 29974K, committed 30208K, reserved 1077248K
  class space    used 2663K, capacity 3309K, committed 3328K, reserved 1048576K
}

