# JRE version: Java(TM) SE Runtime Environment (12.0.1+12) (build 12.0.1+12)
# Java VM: Java HotSpot(TM) 64-Bit Server VM (12.0.1+12, mixed mode, sharing, tiered, compressed oops, parallel gc, windows-amd64)
Heap:
 PSYoungGen      total 13312K, used 9764K [0x00000000eab00000, 0x00000000ec200000, 0x0000000100000000)
  eden space 12800K, 75% used [0x00000000eab00000,0x00000000eb479118,0x00000000eb780000)
  from space 512K, 12% used [0x00000000ec180000,0x00000000ec190000,0x00000000ec200000)
  to   space 3584K, 0% used [0x00000000ebb00000,0x00000000ebb00000,0x00000000ebe80000)
 ParOldGen       total 122368K, used 84965K [0x00000000c0000000, 0x00000000c7780000, 0x00000000eab00000)
  object space 122368K, 69% used [0x00000000c0000000,0x00000000c52f9600,0x00000000c7780000)
 Metaspace       used 47213K, capacity 49977K, committed 50136K, reserved 1093632K
  class space    used 4779K, capacity 5737K, committed 5848K, reserved 1048576K
GC Heap History (10 events):
Event: 15.175 GC heap before
{Heap before GC invocations=23 (full 3):
 PSYoungGen      total 14336K, used 13937K [0x00000000eab00000, 0x00000000ebf80000, 0x0000000100000000)
  eden space 9216K, 100% used [0x00000000eab00000,0x00000000eb400000,0x00000000eb400000)
  from space 5120K, 92% used [0x00000000eba80000,0x00000000ebf1c640,0x00000000ebf80000)
  to   space 5632K, 0% used [0x00000000eb480000,0x00000000eb480000,0x00000000eba00000)
 ParOldGen       total 75264K, used 64835K [0x00000000c0000000, 0x00000000c4980000, 0x00000000eab00000)
  object space 75264K, 86% used [0x00000000c0000000,0x00000000c3f50e20,0x00000000c4980000)
 Metaspace       used 43396K, capacity 45886K, committed 46168K, reserved 1089536K
  class space    used 4461K, capacity 5351K, committed 5464K, reserved 1048576K
}
Event: 15.185 GC heap after
{Heap after GC invocations=23 (full 3):
 PSYoungGen      total 15360K, used 5629K [0x00000000eab00000, 0x00000000ecf80000, 0x0000000100000000)
  eden space 9728K, 0% used [0x00000000eab00000,0x00000000eab00000,0x00000000eb480000)
  from space 5632K, 99% used [0x00000000eb480000,0x00000000eb9ff758,0x00000000eba00000)
  to   space 12288K, 0% used [0x00000000ec380000,0x00000000ec380000,0x00000000ecf80000)
 ParOldGen       total 75264K, used 70238K [0x00000000c0000000, 0x00000000c4980000, 0x00000000eab00000)
  object space 75264K, 93% used [0x00000000c0000000,0x00000000c4497a00,0x00000000c4980000)
 Metaspace       used 43396K, capacity 45886K, committed 46168K, reserved 1089536K
  class space    used 4461K, capacity 5351K, committed 5464K, reserved 1048576K
}
Event: 15.185 GC heap before
{Heap before GC invocations=24 (full 4):
 PSYoungGen      total 15360K, used 5629K [0x00000000eab00000, 0x00000000ecf80000, 0x0000000100000000)
  eden space 9728K, 0% used [0x00000000eab00000,0x00000000eab00000,0x00000000eb480000)
  from space 5632K, 99% used [0x00000000eb480000,0x00000000eb9ff758,0x00000000eba00000)
  to   space 12288K, 0% used [0x00000000ec380000,0x00000000ec380000,0x00000000ecf80000)
 ParOldGen       total 75264K, used 70238K [0x00000000c0000000, 0x00000000c4980000, 0x00000000eab00000)
  object space 75264K, 93% used [0x00000000c0000000,0x00000000c4497a00,0x00000000c4980000)
 Metaspace       used 43396K, capacity 45886K, committed 46168K, reserved 1089536K
  class space    used 4461K, capacity 5351K, committed 5464K, reserved 1048576K
}
Event: 15.594 GC heap after
{Heap after GC invocations=24 (full 4):
 PSYoungGen      total 15360K, used 509K [0x00000000eab00000, 0x00000000ece00000, 0x0000000100000000)
  eden space 9728K, 0% used [0x00000000eab00000,0x00000000eab00000,0x00000000eb480000)
  from space 5632K, 9% used [0x00000000eb480000,0x00000000eb4ff508,0x00000000eba00000)
  to   space 12288K, 0% used [0x00000000ec200000,0x00000000ec200000,0x00000000ece00000)
 ParOldGen       total 122368K, used 75052K [0x00000000c0000000, 0x00000000c7780000, 0x00000000eab00000)
  object space 122368K, 61% used [0x00000000c0000000,0x00000000c494b0c0,0x00000000c7780000)
 Metaspace       used 43396K, capacity 45886K, committed 46168K, reserved 1089536K
  class space    used 4461K, capacity 5351K, committed 5464K, reserved 1048576K
}
Event: 15.677 GC heap before
{Heap before GC invocations=25 (full 4):
 PSYoungGen      total 15360K, used 10237K [0x00000000eab00000, 0x00000000ece00000, 0x0000000100000000)
  eden space 9728K, 100% used [0x00000000eab00000,0x00000000eb480000,0x00000000eb480000)
  from space 5632K, 9% used [0x00000000eb480000,0x00000000eb4ff508,0x00000000eba00000)
  to   space 12288K, 0% used [0x00000000ec200000,0x00000000ec200000,0x00000000ece00000)
 ParOldGen       total 122368K, used 75052K [0x00000000c0000000, 0x00000000c7780000, 0x00000000eab00000)
  object space 122368K, 61% used [0x00000000c0000000,0x00000000c494b0c0,0x00000000c7780000)
 Metaspace       used 43436K, capacity 45887K, committed 46168K, reserved 1089536K
  class space    used 4465K, capacity 5351K, committed 5464K, reserved 1048576K
}
Event: 15.781 GC heap after
{Heap after GC invocations=25 (full 4):
 PSYoungGen      total 18432K, used 7168K [0x00000000eab00000, 0x00000000ec900000, 0x0000000100000000)
  eden space 11264K, 0% used [0x00000000eab00000,0x00000000eab00000,0x00000000eb600000)
  from space 7168K, 100% used [0x00000000ec200000,0x00000000ec900000,0x00000000ec900000)
  to   space 8704K, 0% used [0x00000000eb800000,0x00000000eb800000,0x00000000ec080000)
 ParOldGen       total 122368K, used 75572K [0x00000000c0000000, 0x00000000c7780000, 0x00000000eab00000)
  object space 122368K, 61% used [0x00000000c0000000,0x00000000c49cd0c0,0x00000000c7780000)
 Metaspace       used 43436K, capacity 45887K, committed 46168K, reserved 1089536K
  class space    used 4465K, capacity 5351K, committed 5464K, reserved 1048576K
}
Event: 16.323 GC heap before
{Heap before GC invocations=26 (full 4):
 PSYoungGen      total 18432K, used 18432K [0x00000000eab00000, 0x00000000ec900000, 0x0000000100000000)
  eden space 11264K, 100% used [0x00000000eab00000,0x00000000eb600000,0x00000000eb600000)
  from space 7168K, 100% used [0x00000000ec200000,0x00000000ec900000,0x00000000ec900000)
  to   space 8704K, 0% used [0x00000000eb800000,0x00000000eb800000,0x00000000ec080000)
 ParOldGen       total 122368K, used 75575K [0x00000000c0000000, 0x00000000c7780000, 0x00000000eab00000)
  object space 122368K, 61% used [0x00000000c0000000,0x00000000c49cddd0,0x00000000c7780000)
 Metaspace       used 45765K, capacity 48279K, committed 48472K, reserved 1091584K
  class space    used 4651K, capacity 5595K, committed 5720K, reserved 1048576K
}
Event: 16.334 GC heap after
{Heap after GC invocations=26 (full 4):
 PSYoungGen      total 21504K, used 8673K [0x00000000eab00000, 0x00000000ecb80000, 0x0000000100000000)
  eden space 12800K, 0% used [0x00000000eab00000,0x00000000eab00000,0x00000000eb780000)
  from space 8704K, 99% used [0x00000000eb800000,0x00000000ec0786e0,0x00000000ec080000)
  to   space 10240K, 0% used [0x00000000ec180000,0x00000000ec180000,0x00000000ecb80000)
 ParOldGen       total 122368K, used 76279K [0x00000000c0000000, 0x00000000c7780000, 0x00000000eab00000)
  object space 122368K, 62% used [0x00000000c0000000,0x00000000c4a7ddd0,0x00000000c7780000)
 Metaspace       used 45765K, capacity 48279K, committed 48472K, reserved 1091584K
  class space    used 4651K, capacity 5595K, committed 5720K, reserved 1048576K
}
Event: 16.339 GC heap before
{Heap before GC invocations=27 (full 4):
 PSYoungGen      total 21504K, used 8758K [0x00000000eab00000, 0x00000000ecb80000, 0x0000000100000000)
  eden space 12800K, 0% used [0x00000000eab00000,0x00000000eab15480,0x00000000eb780000)
  from space 8704K, 99% used [0x00000000eb800000,0x00000000ec0786e0,0x00000000ec080000)
  to   space 10240K, 0% used [0x00000000ec180000,0x00000000ec180000,0x00000000ecb80000)
 ParOldGen       total 122368K, used 76279K [0x00000000c0000000, 0x00000000c7780000, 0x00000000eab00000)
  object space 122368K, 62% used [0x00000000c0000000,0x00000000c4a7ddd0,0x00000000c7780000)
 Metaspace       used 45771K, capacity 48279K, committed 48472K, reserved 1091584K
  class space    used 4651K, capacity 5595K, committed 5720K, reserved 1048576K
}
Event: 16.350 GC heap after
{Heap after GC invocations=27 (full 4):
 PSYoungGen      total 13312K, used 64K [0x00000000eab00000, 0x00000000ec200000, 0x0000000100000000)
  eden space 12800K, 0% used [0x00000000eab00000,0x00000000eab00000,0x00000000eb780000)
  from space 512K, 12% used [0x00000000ec180000,0x00000000ec190000,0x00000000ec200000)
  to   space 3584K, 0% used [0x00000000ebb00000,0x00000000ebb00000,0x00000000ebe80000)
 ParOldGen       total 122368K, used 84965K [0x00000000c0000000, 0x00000000c7780000, 0x00000000eab00000)
  object space 122368K, 69% used [0x00000000c0000000,0x00000000c52f9600,0x00000000c7780000)
 Metaspace       used 45771K, capacity 48279K, committed 48472K, reserved 1091584K
  class space    used 4651K, capacity 5595K, committed 5720K, reserved 1048576K
}

